<?xml version="1.0" encoding="UTF-8"?>
<testng-results ignored="0" total="1" passed="1" failed="0" skipped="0">
  <reporter-output>
  </reporter-output>
  <suite started-at="2024-11-14T00:47:07 IST" name="Default suite" finished-at="2024-11-14T00:47:15 IST" duration-ms="7313">
    <groups>
    </groups>
    <test started-at="2024-11-14T00:47:07 IST" name="Default test" finished-at="2024-11-14T00:47:15 IST" duration-ms="7313">
      <class name="Tests.Login">
        <test-method is-config="true" signature="setup()[pri:0, instance:Tests.Login@149dd36b]" started-at="2024-11-14T00:47:07 IST" name="setup" finished-at="2024-11-14T00:47:13 IST" duration-ms="6046" status="PASS">
          <reporter-output>
          </reporter-output>
        </test-method> <!-- setup -->
        <test-method signature="login()[pri:0, instance:Tests.Login@149dd36b]" started-at="2024-11-14T00:47:13 IST" name="login" finished-at="2024-11-14T00:47:14 IST" duration-ms="1075" status="PASS">
          <reporter-output>
          </reporter-output>
        </test-method> <!-- login -->
        <test-method is-config="true" signature="tearDown()[pri:0, instance:Tests.Login@149dd36b]" started-at="2024-11-14T00:47:14 IST" name="tearDown" finished-at="2024-11-14T00:47:15 IST" duration-ms="148" status="PASS">
          <reporter-output>
          </reporter-output>
        </test-method> <!-- tearDown -->
      </class> <!-- Tests.Login -->
    </test> <!-- Default test -->
  </suite> <!-- Default suite -->
</testng-results>
